<?xml version="1.0" encoding="UTF-8"?>
<!-- Generated by org.testng.reporters.JUnitReportReporter -->
<testsuite hostname="jayturtle-lap" failures="0" tests="4" name="com.mindera.qae.AppTest" time="46.569" errors="0" timestamp="2019-09-02T09:30:41 WEST" skipped="0">
  <testcase classname="com.mindera.qae.AppTest" name="TableTest" time="14.493"/>
  <testcase classname="com.mindera.qae.AppTest" name="HomePageTest" time="16.190"/>
  <testcase classname="com.mindera.qae.AppTest" name="TableTest" time="10.629"/>
  <testcase classname="com.mindera.qae.AppTest" name="HomePageTest" time="5.257"/>
</testsuite> <!-- com.mindera.qae.AppTest -->
